[    8355ms] [ERROR] In HTML, %s cannot be a descendant of <%s>.
This will cause a hydration error.%s <li> li 

  ...
    <SegmentViewNode type="layout" pagePath="(admin)/la...">
      <SegmentTrieNode>
      <script>
      <script>
      <script>
      <AdminLayout>
        <SidebarProvider>
          <div data-slot="sidebar-wr..." style={{...}} className="group/side...">
            <AppSidebar>
            <SidebarInset>
              <main data-slot="sidebar-inset" className="relative f...">
                <SiteHeader>
                  <header className="flex h-16 ...">
                    <SidebarTrigger>
                    <Separator>
                    <Breadcrumb className="min-w-0">
                      <nav aria-label="breadcrumb" data-slot="breadcrumb" className="min-w-0">
                        <BreadcrumbList className="flex-nowrap">
                          <ol data-slot="breadcrumb..." className="flex items...">
                            <BreadcrumbItem>
                            <BreadcrumbItem className="shrink-0">
>                             <li data-slot="breadcrumb-item" className="inline-flex items-center gap-1 shrink-0">
                                <BreadcrumbSeparator>
>                                 <li
>                                   data-slot="breadcrumb-separator"
>                                   role="presentation"
>                                   aria-hidden="true"
>                                   className={"[&>svg]:size-3.5"}
>                                 >
                                ...
                ...
 @ http://localhost:3001/_next/static/chunks/node_modules_next_dist_f3530cac._.js:3127
[    8355ms] [ERROR] <%s> cannot contain a nested %s.
See this log for the ancestor stack trace. li <li> @ http://localhost:3001/_next/static/chunks/node_modules_next_dist_f3530cac._.js:3127
[    9242ms] [WARNING] Detected `scroll-behavior: smooth` on the `<html>` element. To disable smooth scrolling during route transitions, add `data-scroll-behavior="smooth"` to your <html> element. Learn more: https://nextjs.org/docs/messages/missing-data-scroll-behavior @ http://localhost:3001/_next/static/chunks/node_modules_next_dist_f3530cac._.js:2297
[   49502ms] ReferenceError: React is not defined
    at eval (http://localhost:3001/_next/static/chunks/_f103a2ca._.js?id=%255Bproject%255D%252Fcomponents%252Fsite-header.tsx+%255Bapp-client%255D+%2528ecmascript%2529:183:257)
    at Array.map (<anonymous>)
    at SiteHeader (http://localhost:3001/_next/static/chunks/_f103a2ca._.js?id=%255Bproject%255D%252Fcomponents%252Fsite-header.tsx+%255Bapp-client%255D+%2528ecmascript%2529:183:38)
    at Object.react_stack_bottom_frame (http://localhost:3001/_next/static/chunks/node_modules_next_dist_compiled_react-dom_1e674e59._.js:14826:24)
    at renderWithHooks (http://localhost:3001/_next/static/chunks/node_modules_next_dist_compiled_react-dom_1e674e59._.js:4651:24)
    at updateFunctionComponent (http://localhost:3001/_next/static/chunks/node_modules_next_dist_compiled_react-dom_1e674e59._.js:6112:21)
    at beginWork (http://localhost:3001/_next/static/chunks/node_modules_next_dist_compiled_react-dom_1e674e59._.js:6708:24)
    at runWithFiberInDEV (http://localhost:3001/_next/static/chunks/node_modules_next_dist_compiled_react-dom_1e674e59._.js:965:74)
    at performUnitOfWork (http://localhost:3001/_next/static/chunks/node_modules_next_dist_compiled_react-dom_1e674e59._.js:9562:97)
    at workLoopSync (http://localhost:3001/_next/static/chunks/node_modules_next_dist_compiled_react-dom_1e674e59._.js:9456:40)
    at renderRootSync (http://localhost:3001/_next/static/chunks/node_modules_next_dist_compiled_react-dom_1e674e59._.js:9440:13)
    at performWorkOnRoot (http://localhost:3001/_next/static/chunks/node_modules_next_dist_compiled_react-dom_1e674e59._.js:9105:47)
    at performSyncWorkOnRoot (http://localhost:3001/_next/static/chunks/node_modules_next_dist_compiled_react-dom_1e674e59._.js:10238:9)
    at flushSyncWorkAcrossRoots_impl (http://localhost:3001/_next/static/chunks/node_modules_next_dist_compiled_react-dom_1e674e59._.js:10154:316)
    at flushSyncWork$1 (http://localhost:3001/_next/static/chunks/node_modules_next_dist_compiled_react-dom_1e674e59._.js:9237:86)
    at Object.scheduleRefresh (http://localhost:3001/_next/static/chunks/node_modules_next_dist_compiled_react-dom_1e674e59._.js:299:13)
    at http://localhost:3001/_next/static/chunks/node_modules_next_dist_compiled_a0e4c7b4._.js:391:33
    at Set.forEach (<anonymous>)
    at Object.performReactRefresh (http://localhost:3001/_next/static/chunks/node_modules_next_dist_compiled_a0e4c7b4._.js:384:38)
    at applyUpdate (http://localhost:3001/_next/static/chunks/node_modules_next_dist_compiled_a0e4c7b4._.js:878:31)
    at http://localhost:3001/_next/static/chunks/node_modules_next_dist_compiled_a0e4c7b4._.js:886:13
[   54413ms] [WARNING] [Fast Refresh] performing full reload because your application had an unrecoverable error @ http://localhost:3001/_next/static/chunks/node_modules_next_dist_f3530cac._.js:2297
